2022-05-15 12:03:53,440:
:+----------------------------+-----------+-----------+-----------+-----------+
|                            |   2022-01 |   2022-02 |   2022-03 |     Total |
|----------------------------+-----------+-----------+-----------+-----------|
| aeuvrceoSi Ldsm            |  4003.72  |  3793.56  |   512.543 |  8309.82  |
| aikypFAa -d ompsuSsieiuHt  |  1989.27  |   279.364 |     0     |  2268.63  |
| dniiAntuogu                |     0     |   285.729 |     0     |   285.729 |
| iaduomagAm                 |  3606.53  |   210.298 |     0     |  3816.83  |
| iinot dCeD oscttrdtinuebnL |     0     |   383.4   |     0     |   383.4   |
| os ieAcigvtdurSkerM niea   |     0     |     0     |   798.85  |   798.85  |
| tcdomA PkeGeia             |     0     |   761.725 |  1914.07  |  2675.79  |
| vooe.n.č.uov i osZdNt      |   165.611 |     0     |     0     |   165.611 |
| Total                      |  9765.13  |  5714.07  |  3225.46  | 18704.7   |
+----------------------------+-----------+-----------+-----------+-----------+
2022-05-15 12:03:53,442:
:+-------------------------------------+--------+---------+
|                                     |   2022 |   Total |
|-------------------------------------+--------+---------|
| (' iayocBmtrAte', 'BUA')            |      1 |       1 |
| ('T Aonllgan bauter', 'ATUCBVA')    |     46 |      46 |
| ('T Aonllgan bauter', 'VWCAUTA')    |     46 |      46 |
| ('cAm ia', 'ASBTU')                 |      8 |       8 |
| ('cAmio ', 'MBETAK')                |     43 |      43 |
| ('e Dttuo', 'BEBPD')                |      6 |       6 |
| ('e Dttuo', 'DHEB')                 |     28 |      28 |
| ('e Dttuo', 'EBDW')                 |    150 |     150 |
| ('e Dttuo', 'WWPED')                |      6 |       6 |
| ('eatApdr', 'AUA')                  |      4 |       4 |
| ('euaorlT ubtnBtlh eto', 'TCUHTA')  |     14 |      14 |
| ('euaorlT ubtnBtlh eto', 'TTWUAC')  |     16 |      16 |
| ('euaorlT ubtnBtlh eto', 'WUTCAPT') |     14 |      14 |
| ('iM sauc', 'BHME')                 |     36 |      36 |
| ('iM sauc', 'WMEB')                 |     78 |      78 |
| ('loSo ', 'BPBSE')                  |      4 |       4 |
| ('loSo ', 'EBSW')                   |     88 |      88 |
| ('loSo ', 'HBSE')                   |     52 |      52 |
| ('loSo ', 'WPESW')                  |     36 |      36 |
| ('trcmBto yi Aae', 'BUA')           |      4 |       4 |
| ('v CoeKnbsro', 'AKCG')             |     20 |      20 |
| ('Total', '')                       |    700 |     700 |
+-------------------------------------+--------+---------+
2022-05-15 12:03:53,443:
:+-----------------------------+---------------+
|                             |   return_rate |
|-----------------------------+---------------|
| Ta gHnsdiarn                |       2.2441  |
| aYstnig                     |       8.91089 |
| aeuvrceoSi Ldsm             |       7.90686 |
| aikypFAa -d ompsuSsieiuHt   |       6.65399 |
| b  TnmuDatolibrioNl GGbHtsi |       8.67615 |
| dniiAntuogu                 |       6.81089 |
| iaduomagAm                  |       3.89571 |
| iinot dCeD oscttrdtinuebnL  |       2.27043 |
| lud SneydtFiio              |       2.79736 |
| nlAauioK d                  |       9.39826 |
| oiSAohmd I                  |       4.52234 |
| or EHsietDTlccn             |       8.29923 |
| os ieAcigvtdurSkerM niea    |       2.82517 |
| rVIAu tdsny                 |       2.43243 |
| tcdomA PkeGeia              |       6.88394 |
| uoddiAnor                   |       1.78483 |
| --- Average ---             |       5.39454 |
+-----------------------------+---------------+
